2025-09-15 23:10:03,185 [WARNING] Skipping /afs/cern.ch/user/c/chensel/cernbox/ILC/HtoInv/MC/pilot_samples/2f_eehiq, no edm4hep/ subdir
2025-09-15 23:10:03,188 [WARNING] Skipping /afs/cern.ch/user/c/chensel/cernbox/ILC/HtoInv/MC/pilot_samples/2f_eehiq_eL_pL, no edm4hep/ subdir
2025-09-15 23:10:03,191 [WARNING] Skipping /afs/cern.ch/user/c/chensel/cernbox/ILC/HtoInv/MC/pilot_samples/2f_eehiq_eL_pR, no edm4hep/ subdir
2025-09-15 23:10:03,193 [WARNING] Skipping /afs/cern.ch/user/c/chensel/cernbox/ILC/HtoInv/MC/pilot_samples/2f_eehiq_eR_pL, no edm4hep/ subdir
2025-09-15 23:10:03,196 [WARNING] Skipping /afs/cern.ch/user/c/chensel/cernbox/ILC/HtoInv/MC/pilot_samples/2f_eehiq_eR_pR, no edm4hep/ subdir
2025-09-15 23:10:03,199 [WARNING] Skipping /afs/cern.ch/user/c/chensel/cernbox/ILC/HtoInv/MC/pilot_samples/2f_hadronic, no edm4hep/ subdir
2025-09-15 23:10:03,201 [WARNING] Skipping /afs/cern.ch/user/c/chensel/cernbox/ILC/HtoInv/MC/pilot_samples/2f_hadronic_eL_pR, no edm4hep/ subdir
2025-09-15 23:10:03,204 [WARNING] Skipping /afs/cern.ch/user/c/chensel/cernbox/ILC/HtoInv/MC/pilot_samples/2f_hadronic_eR_pL, no edm4hep/ subdir
2025-09-15 23:10:03,215 [INFO] Discovered 50 files for 2f_z_eehiq
2025-09-15 23:10:03,230 [INFO] Discovered 100 files for 2f_z_h
2025-09-15 23:10:03,233 [WARNING] Skipping /afs/cern.ch/user/c/chensel/cernbox/ILC/HtoInv/MC/pilot_samples/4f_WW_hadronic, no edm4hep/ subdir
2025-09-15 23:10:03,236 [WARNING] Skipping /afs/cern.ch/user/c/chensel/cernbox/ILC/HtoInv/MC/pilot_samples/4f_WW_leptonic, no edm4hep/ subdir
2025-09-15 23:10:03,238 [WARNING] Skipping /afs/cern.ch/user/c/chensel/cernbox/ILC/HtoInv/MC/pilot_samples/4f_WW_semileptonic, no edm4hep/ subdir
2025-09-15 23:10:03,241 [WARNING] Skipping /afs/cern.ch/user/c/chensel/cernbox/ILC/HtoInv/MC/pilot_samples/4f_ZZWWMix_hadronic, no edm4hep/ subdir
2025-09-15 23:10:03,243 [WARNING] Skipping /afs/cern.ch/user/c/chensel/cernbox/ILC/HtoInv/MC/pilot_samples/4f_ZZ_hadronic, no edm4hep/ subdir
2025-09-15 23:10:03,246 [WARNING] Skipping /afs/cern.ch/user/c/chensel/cernbox/ILC/HtoInv/MC/pilot_samples/4f_ZZ_semileptonic, no edm4hep/ subdir
2025-09-15 23:10:03,256 [INFO] Discovered 50 files for 4f_sw_sl
2025-09-15 23:10:03,267 [INFO] Discovered 50 files for 4f_sze_sl
2025-09-15 23:10:03,277 [INFO] Discovered 50 files for 4f_sznu_sl
2025-09-15 23:10:03,287 [INFO] Discovered 50 files for 4f_ww_h
2025-09-15 23:10:03,297 [INFO] Discovered 50 files for 4f_ww_l
2025-09-15 23:10:03,307 [INFO] Discovered 50 files for 4f_ww_sl
2025-09-15 23:10:03,317 [INFO] Discovered 50 files for 4f_zz_h
2025-09-15 23:10:03,328 [INFO] Discovered 50 files for 4f_zz_sl
2025-09-15 23:10:03,338 [INFO] Discovered 50 files for 4f_zznu_sl
2025-09-15 23:10:03,353 [INFO] Discovered 50 files for 4f_zzorww_h
2025-09-15 23:10:03,364 [INFO] Discovered 50 files for 6f_eexxxx
2025-09-15 23:10:03,374 [INFO] Discovered 50 files for 6f_eexyyx
2025-09-15 23:10:03,384 [INFO] Discovered 50 files for 6f_eeyyyy
2025-09-15 23:10:03,394 [INFO] Discovered 50 files for 6f_llxxxx
2025-09-15 23:10:03,403 [INFO] Discovered 50 files for 6f_llxyyx
2025-09-15 23:10:03,414 [INFO] Discovered 50 files for 6f_llyyyy
2025-09-15 23:10:03,424 [INFO] Discovered 50 files for 6f_vvxxxx
2025-09-15 23:10:03,434 [INFO] Discovered 50 files for 6f_vvxyyx
2025-09-15 23:10:03,444 [INFO] Discovered 50 files for 6f_vvyyyy
2025-09-15 23:10:03,447 [WARNING] Skipping /afs/cern.ch/user/c/chensel/cernbox/ILC/HtoInv/MC/pilot_samples/WW, no edm4hep/ subdir
2025-09-15 23:10:03,449 [WARNING] Skipping /afs/cern.ch/user/c/chensel/cernbox/ILC/HtoInv/MC/pilot_samples/ZH, no edm4hep/ subdir
2025-09-15 23:10:03,451 [WARNING] Skipping /afs/cern.ch/user/c/chensel/cernbox/ILC/HtoInv/MC/pilot_samples/ZZ, no edm4hep/ subdir
2025-09-15 23:10:03,454 [WARNING] Skipping /afs/cern.ch/user/c/chensel/cernbox/ILC/HtoInv/MC/pilot_samples/aa_2f_Z_hadronic, no edm4hep/ subdir
2025-09-15 23:10:03,456 [WARNING] Skipping /afs/cern.ch/user/c/chensel/cernbox/ILC/HtoInv/MC/pilot_samples/aa_2f_Z_leptonic, no edm4hep/ subdir
2025-09-15 23:10:03,459 [WARNING] Skipping /afs/cern.ch/user/c/chensel/cernbox/ILC/HtoInv/MC/pilot_samples/aa_2f_z_h, no edm4hep/ subdir
2025-09-15 23:10:03,469 [INFO] Discovered 50 files for aa_2f_z_l
2025-09-15 23:10:03,475 [WARNING] Process ae_3f_z_l has no .root files
2025-09-15 23:10:03,486 [INFO] Discovered 50 files for ae_5f_ww_h
2025-09-15 23:10:03,496 [INFO] Discovered 16 files for ae_5f_ww_l
2025-09-15 23:10:03,506 [INFO] Discovered 50 files for ae_5f_ww_sl
2025-09-15 23:10:03,515 [INFO] Discovered 10 files for ae_5f_zz_h
2025-09-15 23:10:03,525 [INFO] Discovered 50 files for ae_5f_zz_l
2025-09-15 23:10:03,535 [INFO] Discovered 50 files for ae_5f_zz_sl
2025-09-15 23:10:03,543 [INFO] Discovered 2 files for ae_5f_zznu_l
2025-09-15 23:10:03,552 [INFO] Discovered 4 files for ae_5f_zznu_sl
2025-09-15 23:10:03,562 [INFO] Discovered 50 files for ae_5f_zzorww_h
2025-09-15 23:10:03,570 [INFO] Discovered 2 files for ae_5f_zzorww_l
2025-09-15 23:10:03,586 [INFO] Discovered 200 files for e1e1h
2025-09-15 23:10:03,589 [WARNING] Skipping /afs/cern.ch/user/c/chensel/cernbox/ILC/HtoInv/MC/pilot_samples/e1e1h_dd, no edm4hep/ subdir
2025-09-15 23:10:03,591 [WARNING] Skipping /afs/cern.ch/user/c/chensel/cernbox/ILC/HtoInv/MC/pilot_samples/e1e1h_ss, no edm4hep/ subdir
2025-09-15 23:10:03,594 [WARNING] Skipping /afs/cern.ch/user/c/chensel/cernbox/ILC/HtoInv/MC/pilot_samples/e1e1h_uu, no edm4hep/ subdir
2025-09-15 23:10:03,611 [INFO] Discovered 200 files for e2e2h
2025-09-15 23:10:03,614 [WARNING] Skipping /afs/cern.ch/user/c/chensel/cernbox/ILC/HtoInv/MC/pilot_samples/e2e2h_dd, no edm4hep/ subdir
2025-09-15 23:10:03,617 [WARNING] Skipping /afs/cern.ch/user/c/chensel/cernbox/ILC/HtoInv/MC/pilot_samples/e2e2h_ss, no edm4hep/ subdir
2025-09-15 23:10:03,620 [WARNING] Skipping /afs/cern.ch/user/c/chensel/cernbox/ILC/HtoInv/MC/pilot_samples/e2e2h_uu, no edm4hep/ subdir
2025-09-15 23:10:03,637 [INFO] Discovered 200 files for e3e3h
2025-09-15 23:10:03,640 [WARNING] Skipping /afs/cern.ch/user/c/chensel/cernbox/ILC/HtoInv/MC/pilot_samples/e3e3h_dd, no edm4hep/ subdir
2025-09-15 23:10:03,642 [WARNING] Skipping /afs/cern.ch/user/c/chensel/cernbox/ILC/HtoInv/MC/pilot_samples/e3e3h_ss, no edm4hep/ subdir
2025-09-15 23:10:03,646 [WARNING] Skipping /afs/cern.ch/user/c/chensel/cernbox/ILC/HtoInv/MC/pilot_samples/e3e3h_uu, no edm4hep/ subdir
2025-09-15 23:10:03,652 [WARNING] Process ea_3f_w_h has no .root files
2025-09-15 23:10:03,658 [WARNING] Process ea_3f_w_l has no .root files
2025-09-15 23:10:03,664 [WARNING] Process ea_3f_z_h has no .root files
2025-09-15 23:10:03,671 [WARNING] Process ea_3f_z_l has no .root files
2025-09-15 23:10:03,677 [WARNING] Process ea_3f_z_nu has no .root files
2025-09-15 23:10:03,687 [INFO] Discovered 50 files for ea_5f_ww_h
2025-09-15 23:10:03,697 [INFO] Discovered 3 files for ea_5f_ww_l
2025-09-15 23:10:03,708 [INFO] Discovered 48 files for ea_5f_ww_sl
2025-09-15 23:10:03,718 [INFO] Discovered 20 files for ea_5f_zz_h
2025-09-15 23:10:03,729 [INFO] Discovered 50 files for ea_5f_zz_l
2025-09-15 23:10:03,739 [INFO] Discovered 50 files for ea_5f_zz_sl
2025-09-15 23:10:03,746 [INFO] Discovered 2 files for ea_5f_zznu_l
2025-09-15 23:10:03,755 [INFO] Discovered 4 files for ea_5f_zznu_sl
2025-09-15 23:10:03,765 [INFO] Discovered 50 files for ea_5f_zzorww_h
2025-09-15 23:10:03,772 [INFO] Discovered 2 files for ea_5f_zzorww_l
2025-09-15 23:10:03,775 [WARNING] Skipping /afs/cern.ch/user/c/chensel/cernbox/ILC/HtoInv/MC/pilot_samples/gammagamma, no edm4hep/ subdir
2025-09-15 23:10:03,792 [INFO] Discovered 200 files for n1n1h
2025-09-15 23:10:03,794 [WARNING] Skipping /afs/cern.ch/user/c/chensel/cernbox/ILC/HtoInv/MC/pilot_samples/n1n1h_dd, no edm4hep/ subdir
2025-09-15 23:10:03,798 [WARNING] Skipping /afs/cern.ch/user/c/chensel/cernbox/ILC/HtoInv/MC/pilot_samples/n1n1h_ss, no edm4hep/ subdir
2025-09-15 23:10:03,801 [WARNING] Skipping /afs/cern.ch/user/c/chensel/cernbox/ILC/HtoInv/MC/pilot_samples/n1n1h_uu, no edm4hep/ subdir
2025-09-15 23:10:03,817 [INFO] Discovered 200 files for n23n23h
2025-09-15 23:10:03,820 [WARNING] Skipping /afs/cern.ch/user/c/chensel/cernbox/ILC/HtoInv/MC/pilot_samples/n23n23h_dd, no edm4hep/ subdir
2025-09-15 23:10:03,823 [WARNING] Skipping /afs/cern.ch/user/c/chensel/cernbox/ILC/HtoInv/MC/pilot_samples/n23n23h_ss, no edm4hep/ subdir
2025-09-15 23:10:03,826 [WARNING] Skipping /afs/cern.ch/user/c/chensel/cernbox/ILC/HtoInv/MC/pilot_samples/n23n23h_uu, no edm4hep/ subdir
2025-09-15 23:10:03,828 [WARNING] Skipping /afs/cern.ch/user/c/chensel/cernbox/ILC/HtoInv/MC/pilot_samples/qq, no edm4hep/ subdir
2025-09-15 23:10:03,864 [INFO] Discovered 630 files for qqh
2025-09-15 23:10:03,867 [WARNING] Skipping /afs/cern.ch/user/c/chensel/cernbox/ILC/HtoInv/MC/pilot_samples/qqh_aa, no edm4hep/ subdir
2025-09-15 23:10:03,870 [WARNING] Skipping /afs/cern.ch/user/c/chensel/cernbox/ILC/HtoInv/MC/pilot_samples/qqh_az, no edm4hep/ subdir
2025-09-15 23:10:03,872 [WARNING] Skipping /afs/cern.ch/user/c/chensel/cernbox/ILC/HtoInv/MC/pilot_samples/qqh_bb, no edm4hep/ subdir
2025-09-15 23:10:03,875 [WARNING] Skipping /afs/cern.ch/user/c/chensel/cernbox/ILC/HtoInv/MC/pilot_samples/qqh_cc, no edm4hep/ subdir
2025-09-15 23:10:03,877 [WARNING] Skipping /afs/cern.ch/user/c/chensel/cernbox/ILC/HtoInv/MC/pilot_samples/qqh_dd, no edm4hep/ subdir
2025-09-15 23:10:03,880 [WARNING] Skipping /afs/cern.ch/user/c/chensel/cernbox/ILC/HtoInv/MC/pilot_samples/qqh_e2e2, no edm4hep/ subdir
2025-09-15 23:10:03,883 [WARNING] Skipping /afs/cern.ch/user/c/chensel/cernbox/ILC/HtoInv/MC/pilot_samples/qqh_e3e3, no edm4hep/ subdir
2025-09-15 23:10:03,886 [WARNING] Skipping /afs/cern.ch/user/c/chensel/cernbox/ILC/HtoInv/MC/pilot_samples/qqh_gg, no edm4hep/ subdir
2025-09-15 23:10:03,889 [WARNING] Skipping /afs/cern.ch/user/c/chensel/cernbox/ILC/HtoInv/MC/pilot_samples/qqh_ss, no edm4hep/ subdir
2025-09-15 23:10:03,892 [WARNING] Skipping /afs/cern.ch/user/c/chensel/cernbox/ILC/HtoInv/MC/pilot_samples/qqh_uu, no edm4hep/ subdir
2025-09-15 23:10:03,895 [WARNING] Skipping /afs/cern.ch/user/c/chensel/cernbox/ILC/HtoInv/MC/pilot_samples/qqh_ww, no edm4hep/ subdir
2025-09-15 23:10:03,897 [WARNING] Skipping /afs/cern.ch/user/c/chensel/cernbox/ILC/HtoInv/MC/pilot_samples/qqh_zz, no edm4hep/ subdir
2025-09-15 23:10:03,900 [WARNING] Skipping /afs/cern.ch/user/c/chensel/cernbox/ILC/HtoInv/MC/pilot_samples/unknown, no edm4hep/ subdir
2025-09-15 23:10:04,155 [INFO] Metadata written to mc_metadata.yaml with 48 processes
