2025-09-15 23:10:04,602 [INFO] Generating jobs from 48 processes
2025-09-15 23:10:04,603 [INFO] Process 2f_z_eehiq: 50 files → 1 jobs (chunk size 100)
2025-09-15 23:10:04,616 [INFO]   Wrote 2f_z_eehiq_job000.yaml with 50 files
2025-09-15 23:10:04,617 [INFO] Process 2f_z_h: 100 files → 1 jobs (chunk size 100)
2025-09-15 23:10:04,629 [INFO]   Wrote 2f_z_h_job000.yaml with 100 files
2025-09-15 23:10:04,629 [INFO] Process 4f_sw_sl: 50 files → 1 jobs (chunk size 100)
2025-09-15 23:10:04,638 [INFO]   Wrote 4f_sw_sl_job000.yaml with 50 files
2025-09-15 23:10:04,638 [INFO] Process 4f_sze_sl: 50 files → 1 jobs (chunk size 100)
2025-09-15 23:10:04,647 [INFO]   Wrote 4f_sze_sl_job000.yaml with 50 files
2025-09-15 23:10:04,647 [INFO] Process 4f_sznu_sl: 50 files → 1 jobs (chunk size 100)
2025-09-15 23:10:04,670 [INFO]   Wrote 4f_sznu_sl_job000.yaml with 50 files
2025-09-15 23:10:04,671 [INFO] Process 4f_ww_h: 50 files → 1 jobs (chunk size 100)
2025-09-15 23:10:04,680 [INFO]   Wrote 4f_ww_h_job000.yaml with 50 files
2025-09-15 23:10:04,680 [INFO] Process 4f_ww_l: 50 files → 1 jobs (chunk size 100)
2025-09-15 23:10:04,689 [INFO]   Wrote 4f_ww_l_job000.yaml with 50 files
2025-09-15 23:10:04,689 [INFO] Process 4f_ww_sl: 50 files → 1 jobs (chunk size 100)
2025-09-15 23:10:04,711 [INFO]   Wrote 4f_ww_sl_job000.yaml with 50 files
2025-09-15 23:10:04,711 [INFO] Process 4f_zz_h: 50 files → 1 jobs (chunk size 100)
2025-09-15 23:10:04,720 [INFO]   Wrote 4f_zz_h_job000.yaml with 50 files
2025-09-15 23:10:04,720 [INFO] Process 4f_zz_sl: 50 files → 1 jobs (chunk size 100)
2025-09-15 23:10:04,729 [INFO]   Wrote 4f_zz_sl_job000.yaml with 50 files
2025-09-15 23:10:04,729 [INFO] Process 4f_zznu_sl: 50 files → 1 jobs (chunk size 100)
2025-09-15 23:10:04,738 [INFO]   Wrote 4f_zznu_sl_job000.yaml with 50 files
2025-09-15 23:10:04,738 [INFO] Process 4f_zzorww_h: 50 files → 1 jobs (chunk size 100)
2025-09-15 23:10:04,747 [INFO]   Wrote 4f_zzorww_h_job000.yaml with 50 files
2025-09-15 23:10:04,747 [INFO] Process 6f_eexxxx: 50 files → 1 jobs (chunk size 100)
2025-09-15 23:10:04,760 [INFO]   Wrote 6f_eexxxx_job000.yaml with 50 files
2025-09-15 23:10:04,760 [INFO] Process 6f_eexyyx: 50 files → 1 jobs (chunk size 100)
2025-09-15 23:10:04,774 [INFO]   Wrote 6f_eexyyx_job000.yaml with 50 files
2025-09-15 23:10:04,775 [INFO] Process 6f_eeyyyy: 50 files → 1 jobs (chunk size 100)
2025-09-15 23:10:04,784 [INFO]   Wrote 6f_eeyyyy_job000.yaml with 50 files
2025-09-15 23:10:04,784 [INFO] Process 6f_llxxxx: 50 files → 1 jobs (chunk size 100)
2025-09-15 23:10:04,798 [INFO]   Wrote 6f_llxxxx_job000.yaml with 50 files
2025-09-15 23:10:04,798 [INFO] Process 6f_llxyyx: 50 files → 1 jobs (chunk size 100)
2025-09-15 23:10:04,807 [INFO]   Wrote 6f_llxyyx_job000.yaml with 50 files
2025-09-15 23:10:04,807 [INFO] Process 6f_llyyyy: 50 files → 1 jobs (chunk size 100)
2025-09-15 23:10:04,816 [INFO]   Wrote 6f_llyyyy_job000.yaml with 50 files
2025-09-15 23:10:04,816 [INFO] Process 6f_vvxxxx: 50 files → 1 jobs (chunk size 100)
2025-09-15 23:10:04,824 [INFO]   Wrote 6f_vvxxxx_job000.yaml with 50 files
2025-09-15 23:10:04,825 [INFO] Process 6f_vvxyyx: 50 files → 1 jobs (chunk size 100)
2025-09-15 23:10:04,833 [INFO]   Wrote 6f_vvxyyx_job000.yaml with 50 files
2025-09-15 23:10:04,833 [INFO] Process 6f_vvyyyy: 50 files → 1 jobs (chunk size 100)
2025-09-15 23:10:04,844 [INFO]   Wrote 6f_vvyyyy_job000.yaml with 50 files
2025-09-15 23:10:04,844 [INFO] Process aa_2f_z_l: 50 files → 1 jobs (chunk size 100)
2025-09-15 23:10:04,852 [INFO]   Wrote aa_2f_z_l_job000.yaml with 50 files
2025-09-15 23:10:04,853 [INFO] Process ae_5f_ww_h: 50 files → 1 jobs (chunk size 100)
2025-09-15 23:10:04,862 [INFO]   Wrote ae_5f_ww_h_job000.yaml with 50 files
2025-09-15 23:10:04,863 [INFO] Process ae_5f_ww_l: 16 files → 1 jobs (chunk size 100)
2025-09-15 23:10:04,871 [INFO]   Wrote ae_5f_ww_l_job000.yaml with 16 files
2025-09-15 23:10:04,872 [INFO] Process ae_5f_ww_sl: 50 files → 1 jobs (chunk size 100)
2025-09-15 23:10:04,880 [INFO]   Wrote ae_5f_ww_sl_job000.yaml with 50 files
2025-09-15 23:10:04,880 [INFO] Process ae_5f_zz_h: 10 files → 1 jobs (chunk size 100)
2025-09-15 23:10:04,899 [INFO]   Wrote ae_5f_zz_h_job000.yaml with 10 files
2025-09-15 23:10:04,899 [INFO] Process ae_5f_zz_l: 50 files → 1 jobs (chunk size 100)
2025-09-15 23:10:04,907 [INFO]   Wrote ae_5f_zz_l_job000.yaml with 50 files
2025-09-15 23:10:04,908 [INFO] Process ae_5f_zz_sl: 50 files → 1 jobs (chunk size 100)
2025-09-15 23:10:04,916 [INFO]   Wrote ae_5f_zz_sl_job000.yaml with 50 files
2025-09-15 23:10:04,917 [INFO] Process ae_5f_zznu_l: 2 files → 1 jobs (chunk size 100)
2025-09-15 23:10:04,926 [INFO]   Wrote ae_5f_zznu_l_job000.yaml with 2 files
2025-09-15 23:10:04,926 [INFO] Process ae_5f_zznu_sl: 4 files → 1 jobs (chunk size 100)
2025-09-15 23:10:04,935 [INFO]   Wrote ae_5f_zznu_sl_job000.yaml with 4 files
2025-09-15 23:10:04,935 [INFO] Process ae_5f_zzorww_h: 50 files → 1 jobs (chunk size 100)
2025-09-15 23:10:04,943 [INFO]   Wrote ae_5f_zzorww_h_job000.yaml with 50 files
2025-09-15 23:10:04,943 [INFO] Process ae_5f_zzorww_l: 2 files → 1 jobs (chunk size 100)
2025-09-15 23:10:04,967 [INFO]   Wrote ae_5f_zzorww_l_job000.yaml with 2 files
2025-09-15 23:10:04,967 [INFO] Process e1e1h: 200 files → 2 jobs (chunk size 100)
2025-09-15 23:10:04,979 [INFO]   Wrote e1e1h_job000.yaml with 100 files
2025-09-15 23:10:04,993 [INFO]   Wrote e1e1h_job001.yaml with 100 files
2025-09-15 23:10:04,993 [INFO] Process e2e2h: 200 files → 2 jobs (chunk size 100)
2025-09-15 23:10:05,006 [INFO]   Wrote e2e2h_job000.yaml with 100 files
2025-09-15 23:10:05,018 [INFO]   Wrote e2e2h_job001.yaml with 100 files
2025-09-15 23:10:05,019 [INFO] Process e3e3h: 200 files → 2 jobs (chunk size 100)
2025-09-15 23:10:05,032 [INFO]   Wrote e3e3h_job000.yaml with 100 files
2025-09-15 23:10:05,044 [INFO]   Wrote e3e3h_job001.yaml with 100 files
2025-09-15 23:10:05,045 [INFO] Process ea_5f_ww_h: 50 files → 1 jobs (chunk size 100)
2025-09-15 23:10:05,055 [INFO]   Wrote ea_5f_ww_h_job000.yaml with 50 files
2025-09-15 23:10:05,055 [INFO] Process ea_5f_ww_l: 3 files → 1 jobs (chunk size 100)
2025-09-15 23:10:05,065 [INFO]   Wrote ea_5f_ww_l_job000.yaml with 3 files
2025-09-15 23:10:05,065 [INFO] Process ea_5f_ww_sl: 48 files → 1 jobs (chunk size 100)
2025-09-15 23:10:05,074 [INFO]   Wrote ea_5f_ww_sl_job000.yaml with 48 files
2025-09-15 23:10:05,075 [INFO] Process ea_5f_zz_h: 20 files → 1 jobs (chunk size 100)
2025-09-15 23:10:05,084 [INFO]   Wrote ea_5f_zz_h_job000.yaml with 20 files
2025-09-15 23:10:05,084 [INFO] Process ea_5f_zz_l: 50 files → 1 jobs (chunk size 100)
2025-09-15 23:10:05,122 [INFO]   Wrote ea_5f_zz_l_job000.yaml with 50 files
2025-09-15 23:10:05,122 [INFO] Process ea_5f_zz_sl: 50 files → 1 jobs (chunk size 100)
2025-09-15 23:10:05,131 [INFO]   Wrote ea_5f_zz_sl_job000.yaml with 50 files
2025-09-15 23:10:05,132 [INFO] Process ea_5f_zznu_l: 2 files → 1 jobs (chunk size 100)
2025-09-15 23:10:05,148 [INFO]   Wrote ea_5f_zznu_l_job000.yaml with 2 files
2025-09-15 23:10:05,148 [INFO] Process ea_5f_zznu_sl: 4 files → 1 jobs (chunk size 100)
2025-09-15 23:10:05,170 [INFO]   Wrote ea_5f_zznu_sl_job000.yaml with 4 files
2025-09-15 23:10:05,171 [INFO] Process ea_5f_zzorww_h: 50 files → 1 jobs (chunk size 100)
2025-09-15 23:10:05,181 [INFO]   Wrote ea_5f_zzorww_h_job000.yaml with 50 files
2025-09-15 23:10:05,182 [INFO] Process ea_5f_zzorww_l: 2 files → 1 jobs (chunk size 100)
2025-09-15 23:10:05,192 [INFO]   Wrote ea_5f_zzorww_l_job000.yaml with 2 files
2025-09-15 23:10:05,193 [INFO] Process n1n1h: 200 files → 2 jobs (chunk size 100)
2025-09-15 23:10:05,206 [INFO]   Wrote n1n1h_job000.yaml with 100 files
2025-09-15 23:10:05,219 [INFO]   Wrote n1n1h_job001.yaml with 100 files
2025-09-15 23:10:05,219 [INFO] Process n23n23h: 200 files → 2 jobs (chunk size 100)
2025-09-15 23:10:05,231 [INFO]   Wrote n23n23h_job000.yaml with 100 files
2025-09-15 23:10:05,242 [INFO]   Wrote n23n23h_job001.yaml with 100 files
2025-09-15 23:10:05,242 [INFO] Process qqh: 630 files → 7 jobs (chunk size 100)
2025-09-15 23:10:05,254 [INFO]   Wrote qqh_job000.yaml with 100 files
2025-09-15 23:10:05,264 [INFO]   Wrote qqh_job001.yaml with 100 files
2025-09-15 23:10:05,275 [INFO]   Wrote qqh_job002.yaml with 100 files
2025-09-15 23:10:05,287 [INFO]   Wrote qqh_job003.yaml with 100 files
2025-09-15 23:10:05,298 [INFO]   Wrote qqh_job004.yaml with 100 files
2025-09-15 23:10:05,348 [INFO]   Wrote qqh_job005.yaml with 100 files
2025-09-15 23:10:05,358 [INFO]   Wrote qqh_job006.yaml with 30 files
2025-09-15 23:10:05,358 [INFO] Finished: 59 job YAMLs written to job_yamls
